[2025-10-14 14:41:21] === Starting VCF Processing ===
[2025-10-14 14:41:21] Processing ALL.chr1.vcf.gz ...
[2025-10-14 14:44:11]  Error processing ALL.chr1.vcf.gz: CRC check failed 0x533b0140 != 0x37ce403e
[2025-10-14 14:44:11] Processing ALL.chr22.vcf.gz ...
[2025-10-14 14:47:20] Saved 1,103,547 variants to E:\genomics_data\processed\ALL.chr22_variants.csv
[2025-10-14 14:47:20] Processing ALL.chr3.vcf.gz ...
[2025-10-14 14:57:55] Saved 5,832,276 variants to E:\genomics_data\processed\ALL.chr3_variants.csv
[2025-10-14 14:57:56] === Completed in 16.57 minutes ===
[2025-10-14 15:06:21] === Starting VCF Processing ===
[2025-10-14 15:06:21] Processing ALL.chr1.vcf.gz ...
[2025-10-14 15:08:31]  Error processing ALL.chr1.vcf.gz: CRC check failed 0x533b0140 != 0x37ce403e
[2025-10-14 15:08:31] Processing ALL.chr22.vcf.gz ...
[2025-10-14 15:10:06] Saved 1,103,547 variants to E:\genomics_data\processed\ALL.chr22_variants.csv
[2025-10-14 15:10:06] Processing ALL.chr3.vcf.gz ...
[2025-10-14 15:18:17] Saved 5,832,276 variants to E:\genomics_data\processed\ALL.chr3_variants.csv
[2025-10-14 15:18:18] === Completed in 11.94 minutes ===
[2025-10-14 15:37:12] === Starting VCF Processing ===
[2025-10-14 15:37:12] Processing ALL.chr1.vcf.gz ...
[2025-10-14 15:45:34] Saved 6,468,094 variants to E:\genomics_data\processed\ALL.chr1_variants.csv
[2025-10-14 15:45:34] Processing ALL.chr22.vcf.gz ...
[2025-10-14 15:46:58] Saved 1,103,547 variants to E:\genomics_data\processed\ALL.chr22_variants.csv
[2025-10-14 15:46:58] Processing ALL.chr3.vcf.gz ...
[2025-10-14 15:54:37] Saved 5,832,276 variants to E:\genomics_data\processed\ALL.chr3_variants.csv
[2025-10-14 15:54:38] === Completed in 17.43 minutes ===
